<?xml version="1.0" encoding="UTF-8"?>
<!-- Generated by org.testng.reporters.JUnitReportReporter -->
<testsuite hostname="DESKTOP-6JOPDOJ" failures="0" tests="2" name="mypractice.IT_Services2" time="0.020" errors="0" timestamp="2023-12-21T11:40:56 IST" skipped="0">
  <testcase classname="mypractice.IT_Services2" name="its2" time="0.019"/>
  <system-out/>
  <testcase classname="mypractice.IT_Services2" name="itprogramming" time="0.001"/>
  <system-out/>
</testsuite> <!-- mypractice.IT_Services2 -->
