<?xml version="1.0" encoding="UTF-8"?>
<!-- Generated by org.testng.reporters.JUnitReportReporter -->
<testsuite hostname="DESKTOP-6JOPDOJ" failures="0" tests="1" name="com.TestNG.SalaarData" time="0.519" errors="0" timestamp="2024-02-28T10:42:31 IST" skipped="0">
  <testcase classname="com.TestNG.SalaarData" name="SalaarCast_Crew" time="0.519"/>
  <system-out/>
</testsuite> <!-- com.TestNG.SalaarData -->
