<?xml version="1.0" encoding="UTF-8"?>
<!-- Generated by org.testng.reporters.JUnitReportReporter -->
<testsuite hostname="DESKTOP-6JOPDOJ" failures="0" tests="5" name="com.TestNG.Validating_application" time="0.027" errors="0" timestamp="2024-02-27T10:44:48 IST" skipped="0">
  <testcase classname="com.TestNG.Validating_application" name="Applicatio_launching" time="0.014"/>
  <system-out/>
  <testcase classname="com.TestNG.Validating_application" name="composemail" time="0.006"/>
  <system-out/>
  <testcase classname="com.TestNG.Validating_application" name="inbox" time="0.003"/>
  <system-out/>
  <testcase classname="com.TestNG.Validating_application" name="sentbox" time="0.002"/>
  <system-out/>
  <testcase classname="com.TestNG.Validating_application" name="draft" time="0.002"/>
  <system-out/>
</testsuite> <!-- com.TestNG.Validating_application -->
