<?xml version="1.0" encoding="UTF-8"?>
<!-- Generated by org.testng.reporters.JUnitReportReporter -->
<testsuite hostname="DESKTOP-6JOPDOJ" failures="0" tests="1" name="com.TestNG.Annotations" time="0.012" errors="0" timestamp="2024-02-27T11:25:23 IST" skipped="0">
  <testcase classname="com.TestNG.Annotations" name="Bank_2" time="0.012"/>
  <system-out/>
</testsuite> <!-- com.TestNG.Annotations -->
