<?xml version="1.0" encoding="UTF-8"?>
<!-- Generated by org.testng.reporters.JUnitReportReporter -->
<testsuite hostname="DESKTOP-6JOPDOJ" failures="0" tests="2" name="com.AutoIt.Base_for_Auto_it_in_ohrm" time="34.852" errors="0" timestamp="2024-03-05T11:07:56 IST" skipped="0">
  <testcase classname="com.AutoIt.Base_for_Auto_it_in_ohrm" name="pim" time="3.117"/>
  <system-out/>
  <testcase classname="com.AutoIt.Base_for_Auto_it_in_ohrm" name="AddEmployeeDetails_ProfilePic" time="31.735"/>
  <system-out/>
</testsuite> <!-- com.AutoIt.Base_for_Auto_it_in_ohrm -->
