<?xml version="1.0" encoding="UTF-8"?>
<!-- Generated by org.testng.reporters.JUnitReportReporter -->
<testsuite hostname="DESKTOP-6JOPDOJ" failures="0" tests="6" name="com.TestNG.Testng_ohrm" time="35.890" errors="0" timestamp="2024-02-28T11:38:47 IST" skipped="0">
  <testcase classname="com.TestNG.Testng_ohrm" name="blank" time="4.560"/>
  <system-out/>
  <testcase classname="com.TestNG.Testng_ohrm" name="invalid" time="4.903"/>
  <system-out/>
  <testcase classname="com.TestNG.Testng_ohrm" name="valid" time="13.547"/>
  <system-out/>
  <testcase classname="com.TestNG.Testng_ohrm" name="pim" time="4.517"/>
  <system-out/>
  <testcase classname="com.TestNG.Testng_ohrm" name="add_employee" time="7.348"/>
  <system-out/>
  <testcase classname="com.TestNG.Testng_ohrm" name="logout" time="1.015"/>
  <system-out/>
</testsuite> <!-- com.TestNG.Testng_ohrm -->
