<?xml version="1.0" encoding="UTF-8"?>
<!-- Generated by org.testng.reporters.JUnitReportReporter -->
<testsuite hostname="DESKTOP-6JOPDOJ" failures="0" tests="6" name="com.TestNG.Ex2_Annotations" time="0.041" errors="0" timestamp="2024-02-29T11:00:57 IST" skipped="1">
  <testcase classname="com.TestNG.Ex2_Annotations" name="test_case_3" time="0.008"/>
  <system-out/>
  <testcase classname="com.TestNG.Ex2_Annotations" name="test_case_1" time="0.014"/>
  <system-out/>
  <testcase classname="com.TestNG.Ex2_Annotations" name="test_case_2" time="0.008"/>
  <system-out/>
  <testcase classname="com.TestNG.Ex2_Annotations" name="test_case_5" time="0.005"/>
  <system-out/>
  <testcase classname="com.TestNG.Ex2_Annotations" name="test_case_4" time="0.006"/>
  <system-out/>
  <testcase classname="com.TestNG.Ex2_Annotations" name="test_case_6">
    <skipped/>
  </testcase> <!-- test_case_6 -->
  <system-out/>
</testsuite> <!-- com.TestNG.Ex2_Annotations -->
