<?xml version="1.0" encoding="UTF-8"?>
<!-- Generated by org.testng.reporters.JUnitReportReporter -->
<testsuite hostname="DESKTOP-6JOPDOJ" failures="0" tests="6" name="com.TestNG.Ex_annotations" time="0.048" errors="0" timestamp="2024-02-29T09:55:46 IST" skipped="1">
  <testcase classname="com.TestNG.Ex_annotations" name="testcase_6" time="0.008"/>
  <system-out/>
  <testcase classname="com.TestNG.Ex_annotations" name="testcase_3" time="0.007"/>
  <system-out/>
  <testcase classname="com.TestNG.Ex_annotations" name="testcase_2" time="0.007"/>
  <system-out/>
  <testcase classname="com.TestNG.Ex_annotations" name="testcase_4" time="0.010"/>
  <system-out/>
  <testcase classname="com.TestNG.Ex_annotations" name="testcase_1" time="0.016"/>
  <system-out/>
  <testcase classname="com.TestNG.Ex_annotations" name="testcase_5">
    <skipped/>
  </testcase> <!-- testcase_5 -->
  <system-out/>
</testsuite> <!-- com.TestNG.Ex_annotations -->
