<?xml version="1.0" encoding="UTF-8"?>
<!-- Generated by org.testng.reporters.JUnitReportReporter -->
<testsuite hostname="DESKTOP-6JOPDOJ" failures="0" tests="1" name="com.AutoIt.Add_emoloyee_Profilepics_2" time="19.531" errors="0" timestamp="2024-03-06T17:13:45 IST" skipped="0">
  <testcase classname="com.AutoIt.Add_emoloyee_Profilepics_2" name="add_pic" time="19.531"/>
  <system-out/>
</testsuite> <!-- com.AutoIt.Add_emoloyee_Profilepics_2 -->
