<?xml version="1.0" encoding="UTF-8"?>
<!-- Generated by org.testng.reporters.JUnitReportReporter -->
<testsuite hostname="DESKTOP-6JOPDOJ" failures="0" tests="1" name="com.AutoIt.Add_employee_ProfilePics" time="37.619" errors="0" timestamp="2024-03-06T15:27:26 IST" skipped="0">
  <testcase classname="com.AutoIt.Add_employee_ProfilePics" name="pim" time="37.619"/>
  <system-out/>
</testsuite> <!-- com.AutoIt.Add_employee_ProfilePics -->
