<?xml version="1.0" encoding="UTF-8"?>
<!-- Generated by org.testng.reporters.JUnitReportReporter -->
<testsuite hostname="DESKTOP-6JOPDOJ" failures="0" tests="2" name="com.BaseTest.BaseTest" time="51.563" errors="0" timestamp="2024-02-27T17:06:26 IST" skipped="0">
  <testcase classname="com.BaseTest.BaseTest" name="applicationLaunch" time="51.168"/>
  <system-out/>
  <testcase classname="com.BaseTest.BaseTest" name="applicationClose" time="0.395"/>
  <system-out/>
</testsuite> <!-- com.BaseTest.BaseTest -->
