<?xml version="1.0" encoding="UTF-8"?>
<!-- Generated by org.testng.reporters.JUnitReportReporter -->
<testsuite hostname="DESKTOP-6JOPDOJ" failures="0" tests="5" name="com.TestNG.VerifingApplicaton" time="0.021" errors="0" timestamp="2024-02-27T10:51:14 IST" skipped="0">
  <testcase classname="com.TestNG.VerifingApplicaton" name="Applicatio_launching" time="0.012"/>
  <system-out/>
  <testcase classname="com.TestNG.VerifingApplicaton" name="composemail" time="0.004"/>
  <system-out/>
  <testcase classname="com.TestNG.VerifingApplicaton" name="inbox" time="0.002"/>
  <system-out/>
  <testcase classname="com.TestNG.VerifingApplicaton" name="sentbox" time="0.001"/>
  <system-out/>
  <testcase classname="com.TestNG.VerifingApplicaton" name="draft" time="0.002"/>
  <system-out/>
</testsuite> <!-- com.TestNG.VerifingApplicaton -->
