<?xml version="1.0" encoding="UTF-8"?>
<!-- Generated by org.testng.reporters.JUnitReportReporter -->
<testsuite hostname="DESKTOP-6JOPDOJ" failures="0" tests="1" name="com.Windows_Handling.Automation_practice_page" time="15.314" errors="0" timestamp="2024-03-12T18:56:59 IST" skipped="0">
  <testcase classname="com.Windows_Handling.Automation_practice_page" name="radio_button" time="15.314"/>
  <system-out/>
</testsuite> <!-- com.Windows_Handling.Automation_practice_page -->
