<?xml version="1.0" encoding="UTF-8"?>
<!-- Generated by org.testng.reporters.JUnitReportReporter -->
<testsuite hostname="DESKTOP-6JOPDOJ" failures="0" tests="1" name="com.Ohrm_valids.Ohrm_login" time="12.366" errors="0" timestamp="2024-02-27T12:07:44 IST" skipped="0">
  <testcase classname="com.Ohrm_valids.Ohrm_login" name="ohrm" time="12.366"/>
  <system-out/>
</testsuite> <!-- com.Ohrm_valids.Ohrm_login -->
