<?xml version="1.0" encoding="UTF-8"?>
<!-- Generated by org.testng.reporters.JUnitReportReporter -->
<testsuite hostname="DESKTOP-6JOPDOJ" failures="0" tests="4" name="com.Ohrm_valids.Add_employees_in_ohrm" time="141.544" errors="0" timestamp="2024-02-27T16:02:46 IST" skipped="0">
  <testcase classname="com.Ohrm_valids.Add_employees_in_ohrm" name="OHRM_launch" time="70.182"/>
  <system-out/>
  <testcase classname="com.Ohrm_valids.Add_employees_in_ohrm" name="pim" time="16.367"/>
  <system-out/>
  <testcase classname="com.Ohrm_valids.Add_employees_in_ohrm" name="adding_employee" time="52.277"/>
  <system-out/>
  <testcase classname="com.Ohrm_valids.Add_employees_in_ohrm" name="close" time="2.718"/>
  <system-out/>
</testsuite> <!-- com.Ohrm_valids.Add_employees_in_ohrm -->
