<?xml version="1.0" encoding="UTF-8"?>
<!-- Generated by org.testng.reporters.JUnitReportReporter -->
<testsuite hostname="DESKTOP-6JOPDOJ" failures="0" tests="4" name="com.TestNG.ProductionUnit" time="0.804" errors="0" timestamp="2024-02-28T09:59:57 IST" skipped="0">
  <testcase classname="com.TestNG.ProductionUnit" name="employees" time="0.754"/>
  <system-out/>
  <testcase classname="com.TestNG.ProductionUnit" name="workingunit" time="0.019"/>
  <system-out/>
  <testcase classname="com.TestNG.ProductionUnit" name="workingemp" time="0.010"/>
  <system-out/>
  <testcase classname="com.TestNG.ProductionUnit" name="workingemp1" time="0.021"/>
  <system-out/>
</testsuite> <!-- com.TestNG.ProductionUnit -->
