<?xml version="1.0" encoding="UTF-8"?>
<!-- Generated by org.testng.reporters.JUnitReportReporter -->
<testsuite hostname="DESKTOP-6JOPDOJ" failures="0" tests="2" name="com.AutoIt.Upload_emp_and_edit_emp_details" time="86.256" errors="0" timestamp="2024-03-07T14:15:33 IST" skipped="0">
  <testcase classname="com.AutoIt.Upload_emp_and_edit_emp_details" name="vd" time="54.563"/>
  <system-out/>
  <testcase classname="com.AutoIt.Upload_emp_and_edit_emp_details" name="Ad" time="31.693"/>
  <system-out/>
</testsuite> <!-- com.AutoIt.Upload_emp_and_edit_emp_details -->
