<?xml version="1.0" encoding="UTF-8"?>
<!-- Generated by org.testng.reporters.JUnitReportReporter -->
<testsuite hostname="DESKTOP-6JOPDOJ" failures="0" tests="5" name="com.TestNG.ProductionUnit2" time="0.237" errors="0" timestamp="2024-02-28T10:02:42 IST" skipped="0">
  <testcase classname="com.TestNG.ProductionUnit2" name="PU2" time="0.181"/>
  <system-out/>
  <testcase classname="com.TestNG.ProductionUnit2" name="employees" time="0.014"/>
  <system-out/>
  <testcase classname="com.TestNG.ProductionUnit2" name="workingunit" time="0.021"/>
  <system-out/>
  <testcase classname="com.TestNG.ProductionUnit2" name="workingemp" time="0.008"/>
  <system-out/>
  <testcase classname="com.TestNG.ProductionUnit2" name="workingemp1" time="0.013"/>
  <system-out/>
</testsuite> <!-- com.TestNG.ProductionUnit2 -->
