<?xml version="1.0" encoding="UTF-8"?>
<!-- Generated by org.testng.reporters.JUnitReportReporter -->
<testsuite hostname="DESKTOP-6JOPDOJ" failures="0" tests="1" name="com.Windows_Handling.Pop_up_alert" time="5.754" errors="0" timestamp="2024-03-13T17:10:49 IST" skipped="0">
  <testcase classname="com.Windows_Handling.Pop_up_alert" name="pop" time="5.754"/>
  <system-out/>
</testsuite> <!-- com.Windows_Handling.Pop_up_alert -->
