<?xml version="1.0" encoding="UTF-8"?>
<!-- Generated by org.testng.reporters.JUnitReportReporter -->
<testsuite hostname="DESKTOP-6JOPDOJ" failures="0" tests="1" name="com.AutoIt.EDIT_EMPLOYEE_PIC" time="29.057" errors="0" timestamp="2024-03-06T18:01:04 IST" skipped="0">
  <testcase classname="com.AutoIt.EDIT_EMPLOYEE_PIC" name="edit_emp_pic" time="29.057"/>
  <system-out/>
</testsuite> <!-- com.AutoIt.EDIT_EMPLOYEE_PIC -->
