<?xml version="1.0" encoding="UTF-8"?>
<!-- Generated by org.testng.reporters.JUnitReportReporter -->
<testsuite hostname="DESKTOP-6JOPDOJ" failures="0" tests="1" name="com.TestNG.Annotations2" time="0.007" errors="0" timestamp="2023-12-20T15:31:34 IST" skipped="0">
  <testcase classname="com.TestNG.Annotations2" name="SalaarCast_Crew" time="0.007"/>
  <system-out/>
</testsuite> <!-- com.TestNG.Annotations2 -->
